{"level":"warning","msg":"Deploying into the 'default' namespace is usually not a good idea as this namespace cannot be deleted","time":"2026-01-14T21:11:47+01:00"}
{"level":"warning","msg":"Please use 'devspace use namespace my-namespace' to select a different one","time":"2026-01-14T21:11:47+01:00"}
{"level":"warning","msg":"Deploying into the 'default' namespace is usually not a good idea as this namespace cannot be deleted","time":"2026-01-14T21:12:27+01:00"}
{"level":"warning","msg":"Please use 'devspace use namespace my-namespace' to select a different one","time":"2026-01-14T21:12:27+01:00"}
{"level":"warning","msg":"Deploying into the 'default' namespace is usually not a good idea as this namespace cannot be deleted","time":"2026-01-14T21:13:00+01:00"}
{"level":"warning","msg":"Please use 'devspace use namespace my-namespace' to select a different one","time":"2026-01-14T21:13:00+01:00"}
{"level":"error","msg":"please run 'devspace use namespace my-namespace' to select a different namespace before rerunning","time":"2026-01-14T21:13:02+01:00"}
{"level":"warning","msg":"Deploying into the 'default' namespace is usually not a good idea as this namespace cannot be deleted","time":"2026-01-14T21:13:22+01:00"}
{"level":"warning","msg":"Please use 'devspace use namespace my-namespace' to select a different one","time":"2026-01-14T21:13:22+01:00"}
{"level":"info","msg":"Using namespace 'default'","time":"2026-01-14T21:13:23+01:00"}
{"level":"info","msg":"Using kube context 'local'","time":"2026-01-14T21:13:23+01:00"}
{"level":"error","msg":"error loading config: yaml: unmarshal errors:\n  Parsed Config:\n    1: deployments:\n    2:     alterconso:\n    3:         helm:\n    4:             chart:\n    5:                 path: ./helm\n    6:             releaseName: local\n    7:             releaseNamespace: alterconso\n    8:             valuesFiles:\n    9:                 - ./values.yaml\n    10: dev:\n    11:     viewer:\n    12:         containers:\n    13:             httpd:\n    14:                 command:\n    15:                     - sh\n    16:                     - -c\n    17:                     - /usr/sbin/apache2ctl -D FOREGROUND\n    18:         labelSelector:\n    19:             app.kubernetes.io/instance: local\n    20:             app.kubernetes.io/name: alterconso\n    21:         patches: []\n    22: images: {}\n    23: name: alterconso\n    24: version: v2beta1\n  Errors:\n    line 7: field releaseNamespace not found in type latest.HelmConfig (line 7: releaseNamespace: alterconso)","time":"2026-01-14T21:13:24+01:00"}
{"level":"info","msg":"Using namespace 'default'","time":"2026-01-14T21:13:37+01:00"}
{"level":"info","msg":"Using kube context 'local'","time":"2026-01-14T21:13:37+01:00"}
create_deployments: error deploying alterconso: Error stating override file /home/gpenaud/work/alterconso/values.yaml: stat /home/gpenaud/work/alterconso/values.yaml: no such file or directory{"level":"error","msg":"exit status 1","time":"2026-01-14T21:13:37+01:00"}
{"level":"info","msg":"Using namespace 'default'","time":"2026-01-14T21:13:54+01:00"}
{"level":"info","msg":"Using kube context 'local'","time":"2026-01-14T21:13:54+01:00"}
create_deployments: error deploying alterconso: Error stating override file /home/gpenaud/work/alterconso/values.yaml: stat /home/gpenaud/work/alterconso/values.yaml: no such file or directory{"level":"error","msg":"exit status 1","time":"2026-01-14T21:13:54+01:00"}
{"level":"info","msg":"Using namespace 'default'","time":"2026-01-14T21:14:16+01:00"}
{"level":"info","msg":"Using kube context 'local'","time":"2026-01-14T21:14:16+01:00"}
deploy:alterconso Deploying chart  (local) with helm...create_deployments: error deploying alterconso: unable to deploy helm chart: Release "local" does not exist. Installing it now.error executing 'helm upgrade local --values /tmp/2852004558 --install --namespace default /home/gpenaud/work/alterconso/helm --kube-context local': I0114 21:14:17.483279 1172159 warnings.go:110] "Warning: annotation \"kubernetes.io/ingress.class\" is deprecated, please use 'spec.ingressClassName' instead"Error: 3 errors occurred:* Service "local-alterconso-webapp" is invalid: spec.ipFamilies[0]: Invalid value: "IPv6": not configured on this cluster* SealedSecret.bitnami.com "local-alterconso-webapp" is invalid: spec.encryptedData: Required value* SealedSecret.bitnami.com "local-alterconso-database-secrets" is invalid: spec.encryptedData: Required value{"level":"error","msg":"exit status 1","time":"2026-01-14T21:14:17+01:00"}
{"level":"info","msg":"Using namespace 'default'","time":"2026-01-14T21:17:32+01:00"}
{"level":"info","msg":"Using kube context 'local'","time":"2026-01-14T21:17:32+01:00"}
deploy:alterconso Deploying chart  (local) with helm...create_deployments: error deploying alterconso: unable to deploy helm chart:  error executing 'helm upgrade local --values /tmp/3487032434 --install --namespace default /home/gpenaud/work/alterconso/helm --kube-context local': Error: UPGRADE FAILED: failed to create resource: Service "local-alterconso-webapp" is invalid: spec.ipFamilies[0]: Invalid value: "IPv6": not configured on this cluster{"level":"error","msg":"exit status 1","time":"2026-01-14T21:17:33+01:00"}
{"level":"info","msg":"Using namespace 'default'","time":"2026-01-14T21:18:21+01:00"}
{"level":"info","msg":"Using kube context 'local'","time":"2026-01-14T21:18:21+01:00"}
deploy:alterconso Deploying chart  (local) with helm...deploy:alterconso Deployed helm chart (Release revision: 3)deploy:alterconso Successfully deployed alterconso with helmstart_dev: replace pod: replace entrypoint: couldn't find container 'httpd' in pod{"level":"error","msg":"exit status 1","time":"2026-01-14T21:18:22+01:00"}
{"level":"info","msg":"Using namespace 'default'","time":"2026-01-14T21:19:06+01:00"}
{"level":"info","msg":"Using kube context 'local'","time":"2026-01-14T21:19:06+01:00"}
deploy:alterconso Skipping deployment alterconsodev:viewer Waiting for pod to become ready...dev:viewer Pod local-alterconso-webapp-devspace-744694b86d-7pdvt: Error: ErrImageNeverPull (Failed)dev:viewer Pod local-alterconso-webapp-devspace-744694b86d-7pdvt: Container image "alterconso/webapp:1.0.0" is not present with pull policy of Never (ErrImageNeverPull)dev:viewer DevSpace is waiting, because Pod local-alterconso-webapp-devspace-744694b86d-7pdvt has status: ErrImageNeverPulldev:viewer DevSpace is waiting, because Pod local-alterconso-webapp-devspace-744694b86d-7pdvt has status: ErrImageNeverPulldev:viewer DevSpace is waiting, because Pod local-alterconso-webapp-devspace-744694b86d-7pdvt has status: ErrImageNeverPulldev:viewer DevSpace is waiting, because Pod local-alterconso-webapp-devspace-744694b86d-7pdvt has status: ErrImageNeverPulldev:viewer DevSpace is waiting, because Pod local-alterconso-webapp-devspace-744694b86d-7pdvt has status: ErrImageNeverPulldev:viewer DevSpace is waiting, because Pod local-alterconso-webapp-devspace-744694b86d-7pdvt has status: ErrImageNeverPulldev:viewer DevSpace is waiting, because Pod local-alterconso-webapp-devspace-744694b86d-7pdvt has status: ErrImageNeverPulldev:viewer DevSpace is waiting, because Pod local-alterconso-webapp-devspace-744694b86d-7pdvt has status: ErrImageNeverPull{"level":"info","msg":"Using namespace 'default'","time":"2026-01-14T21:20:38+01:00"}
{"level":"info","msg":"Using kube context 'local'","time":"2026-01-14T21:20:38+01:00"}
deploy:alterconso Deploying chart  (local) with helm...deploy:alterconso Deployed helm chart (Release revision: 4)deploy:alterconso Successfully deployed alterconso with helmdev:alterconso Pod was already replaced, retrying to update the configurationdev:alterconso Waiting for pod to become ready...dev:alterconso Pod local-alterconso-webapp-devspace-5d4959b54-kp2mk: Container image "ghcr.io/gpenaud/alterconso:latest" is not present with pull policy of Never (ErrImageNeverPull)dev:alterconso Pod local-alterconso-webapp-devspace-5d4959b54-kp2mk: Error: ErrImageNeverPull (Failed)dev:alterconso DevSpace is waiting, because Pod local-alterconso-webapp-devspace-5d4959b54-kp2mk has status: ErrImageNeverPulldev:alterconso DevSpace is waiting, because Pod local-alterconso-webapp-devspace-5d4959b54-kp2mk has status: ErrImageNeverPull{"level":"info","msg":"Using namespace 'default'","time":"2026-01-14T21:21:15+01:00"}
{"level":"info","msg":"Using kube context 'local'","time":"2026-01-14T21:21:15+01:00"}
deploy:alterconso Deploying chart  (local) with helm...deploy:alterconso Deployed helm chart (Release revision: 5)deploy:alterconso Successfully deployed alterconso with helmdev:alterconso Waiting for pod to become ready...dev:alterconso Pod local-alterconso-webapp-devspace-fd9855fd7-n62sd has critical status: ErrImagePull. DevSpace will continue waiting, but this operation might timeoutdev:alterconso Pod local-alterconso-webapp-devspace-fd9855fd7-n62sd has critical status: ImagePullBackOff. DevSpace will continue waiting, but this operation might timeoutdev:alterconso Pod local-alterconso-webapp-devspace-fd9855fd7-n62sd has critical status: ImagePullBackOff. DevSpace will continue waiting, but this operation might timeoutdev:alterconso Pod local-alterconso-webapp-devspace-fd9855fd7-n62sd has critical status: ErrImagePull. DevSpace will continue waiting, but this operation might timeoutdev:alterconso Pod local-alterconso-webapp-devspace-fd9855fd7-n62sd has critical status: ImagePullBackOff. DevSpace will continue waiting, but this operation might timeoutdev:alterconso Pod local-alterconso-webapp-devspace-fd9855fd7-n62sd has critical status: ErrImagePull. DevSpace will continue waiting, but this operation might timeoutdev:alterconso Pod local-alterconso-webapp-devspace-fd9855fd7-n62sd has critical status: ErrImagePull. DevSpace will continue waiting, but this operation might timeoutdev:alterconso Pod local-alterconso-webapp-devspace-fd9855fd7-n62sd has critical status: ImagePullBackOff. DevSpace will continue waiting, but this operation might timeoutdev:alterconso Pod local-alterconso-webapp-devspace-fd9855fd7-n62sd has critical status: ImagePullBackOff. DevSpace will continue waiting, but this operation might timeoutdev:alterconso Pod local-alterconso-webapp-devspace-fd9855fd7-n62sd has critical status: ImagePullBackOff. DevSpace will continue waiting, but this operation might timeoutdev:alterconso Pod local-alterconso-webapp-devspace-fd9855fd7-n62sd has critical status: ErrImagePull. DevSpace will continue waiting, but this operation might timeoutdev:alterconso Pod local-alterconso-webapp-devspace-fd9855fd7-n62sd has critical status: ImagePullBackOff. DevSpace will continue waiting, but this operation might timeoutdev:alterconso Pod local-alterconso-webapp-devspace-fd9855fd7-n62sd has critical status: ImagePullBackOff. DevSpace will continue waiting, but this operation might timeoutdev:alterconso Pod local-alterconso-webapp-devspace-fd9855fd7-n62sd has critical status: ImagePullBackOff. DevSpace will continue waiting, but this operation might timeoutdev:alterconso Pod local-alterconso-webapp-devspace-fd9855fd7-n62sd has critical status: ImagePullBackOff. DevSpace will continue waiting, but this operation might timeoutdev:alterconso Pod local-alterconso-webapp-devspace-fd9855fd7-n62sd has critical status: ImagePullBackOff. DevSpace will continue waiting, but this operation might timeout{"level":"info","msg":"Using namespace 'default'","time":"2026-01-14T21:29:31+01:00"}
{"level":"info","msg":"Using kube context 'local'","time":"2026-01-14T21:29:31+01:00"}
deploy:alterconso Skipping deployment alterconsodev:alterconso Waiting for pod to become ready...dev:alterconso Pod local-alterconso-webapp-devspace-fd9855fd7-n62sd has critical status: ImagePullBackOff. DevSpace will continue waiting, but this operation might timeoutdev:alterconso Pod local-alterconso-webapp-devspace-fd9855fd7-n62sd has critical status: ImagePullBackOff. DevSpace will continue waiting, but this operation might timeoutdev:alterconso Pod local-alterconso-webapp-devspace-fd9855fd7-n62sd has critical status: ImagePullBackOff. DevSpace will continue waiting, but this operation might timeoutdev:alterconso Pod local-alterconso-webapp-devspace-fd9855fd7-n62sd has critical status: ImagePullBackOff. DevSpace will continue waiting, but this operation might timeoutdev:alterconso Pod local-alterconso-webapp-devspace-fd9855fd7-n62sd has critical status: ImagePullBackOff. DevSpace will continue waiting, but this operation might timeoutdev:alterconso Pod local-alterconso-webapp-devspace-fd9855fd7-n62sd has critical status: ImagePullBackOff. DevSpace will continue waiting, but this operation might timeoutdev:alterconso Pod local-alterconso-webapp-devspace-fd9855fd7-n62sd has critical status: ImagePullBackOff. DevSpace will continue waiting, but this operation might timeoutdev:alterconso Pod local-alterconso-webapp-devspace-fd9855fd7-n62sd has critical status: ImagePullBackOff. DevSpace will continue waiting, but this operation might timeoutdev:alterconso Pod local-alterconso-webapp-devspace-fd9855fd7-n62sd has critical status: ImagePullBackOff. DevSpace will continue waiting, but this operation might timeoutdev:alterconso Pod local-alterconso-webapp-devspace-fd9855fd7-n62sd has critical status: ImagePullBackOff. DevSpace will continue waiting, but this operation might timeout{"level":"info","msg":"Using namespace 'default'","time":"2026-01-14T21:31:26+01:00"}
{"level":"info","msg":"Using kube context 'local'","time":"2026-01-14T21:31:26+01:00"}
dev:viewer Stopping dev viewerdev:viewer Scaling up Deployment local-alterconso-webapp...dev:viewer dev:alterconso Stopping dev alterconsodev:viewer dev:alterconso Scaling up Deployment local-alterconso-webapp...purge:local Deleting deployment local...purge:local Successfully deleted deployment local{"level":"info","msg":"Using namespace 'default'","time":"2026-01-14T21:31:30+01:00"}
{"level":"info","msg":"Using kube context 'local'","time":"2026-01-14T21:31:30+01:00"}
deploy:alterconso Deploying chart  (local) with helm...deploy:alterconso Deployed helm chart (Release revision: 1)deploy:alterconso Successfully deployed alterconso with helmdev:alterconso Waiting for pod to become ready...dev:alterconso DevSpace is waiting, because Pod local-alterconso-webapp-devspace-649d46f75-tq4rk has status: ContainerCreatingdev:alterconso DevSpace is waiting, because Pod local-alterconso-webapp-devspace-649d46f75-tq4rk has status: ContainerCreatingdev:alterconso Selected pod local-alterconso-webapp-devspace-649d46f75-tq4rk{"level":"info","msg":"Using namespace 'default'","time":"2026-01-14T21:43:34+01:00"}
{"level":"info","msg":"Using kube context 'local'","time":"2026-01-14T21:43:34+01:00"}
dev:alterconso Stopping dev alterconsodev:alterconso Scaling up Deployment local-alterconso-webapp...purge:local Deleting deployment local...purge:local Successfully deleted deployment local{"level":"info","msg":"Using namespace 'default'","time":"2026-01-14T21:43:40+01:00"}
{"level":"info","msg":"Using kube context 'local'","time":"2026-01-14T21:43:40+01:00"}
deploy:alterconso Deploying chart  (local) with helm...deploy:alterconso Deployed helm chart (Release revision: 1)deploy:alterconso Successfully deployed alterconso with helmdev:alterconso Waiting for pod to become ready...dev:alterconso Selected pod local-alterconso-webapp-devspace-649d46f75-f5p5d{"level":"info","msg":"Using namespace 'default'","time":"2026-01-14T21:45:00+01:00"}
{"level":"info","msg":"Using kube context 'local'","time":"2026-01-14T21:45:00+01:00"}
dev:alterconso Stopping dev alterconsodev:alterconso Scaling up Deployment local-alterconso-webapp...purge:local Deleting deployment local...purge:local Successfully deleted deployment local{"level":"info","msg":"Using namespace 'default'","time":"2026-01-14T21:45:02+01:00"}
{"level":"info","msg":"Using kube context 'local'","time":"2026-01-14T21:45:02+01:00"}
deploy:alterconso Deploying chart  (local) with helm...deploy:alterconso Deployed helm chart (Release revision: 1)deploy:alterconso Successfully deployed alterconso with helmdev:alterconso Waiting for pod to become ready...dev:alterconso Selected pod local-alterconso-webapp-devspace-649d46f75-77z26{"level":"info","msg":"Using namespace 'default'","time":"2026-01-14T21:45:32+01:00"}
{"level":"info","msg":"Using kube context 'local'","time":"2026-01-14T21:45:32+01:00"}
dev:alterconso Stopping dev alterconsodev:alterconso Scaling up Deployment local-alterconso-webapp...purge:local Deleting deployment local...purge:local Successfully deleted deployment local{"level":"info","msg":"Using namespace 'default'","time":"2026-01-14T21:45:36+01:00"}
{"level":"info","msg":"Using kube context 'local'","time":"2026-01-14T21:45:36+01:00"}
deploy:alterconso Deploying chart  (local) with helm...deploy:alterconso Deployed helm chart (Release revision: 1)deploy:alterconso Successfully deployed alterconso with helmdev:alterconso Waiting for pod to become ready...dev:alterconso Selected pod local-alterconso-webapp-devspace-649d46f75-k9kjb{"level":"info","msg":"Using namespace 'default'","time":"2026-01-14T21:47:09+01:00"}
{"level":"info","msg":"Using kube context 'local'","time":"2026-01-14T21:47:09+01:00"}
dev:alterconso Stopping dev alterconsodev:alterconso Scaling up Deployment local-alterconso-webapp...purge:local Deleting deployment local...purge:local Successfully deleted deployment local{"level":"info","msg":"Using namespace 'default'","time":"2026-01-14T21:47:11+01:00"}
{"level":"info","msg":"Using kube context 'local'","time":"2026-01-14T21:47:11+01:00"}
deploy:alterconso Deploying chart  (local) with helm...deploy:alterconso Deployed helm chart (Release revision: 1)deploy:alterconso Successfully deployed alterconso with helmdev:alterconso Waiting for pod to become ready...dev:alterconso Selected pod local-alterconso-webapp-devspace-649d46f75-srjjg{"level":"info","msg":"Using namespace 'default'","time":"2026-01-14T21:50:32+01:00"}
{"level":"info","msg":"Using kube context 'local'","time":"2026-01-14T21:50:32+01:00"}
dev:alterconso Stopping dev alterconsodev:alterconso Scaling up Deployment local-alterconso-webapp...purge:local Deleting deployment local...purge:local Successfully deleted deployment local{"level":"info","msg":"Using namespace 'default'","time":"2026-01-14T21:50:36+01:00"}
{"level":"info","msg":"Using kube context 'local'","time":"2026-01-14T21:50:36+01:00"}
deploy:alterconso Deploying chart  (local) with helm...deploy:alterconso Deployed helm chart (Release revision: 1)deploy:alterconso Successfully deployed alterconso with helmdev:alterconso Waiting for pod to become ready...dev:alterconso Selected pod local-alterconso-webapp-devspace-649d46f75-nsv64{"level":"info","msg":"Using namespace 'default'","time":"2026-01-14T22:09:58+01:00"}
{"level":"info","msg":"Using kube context 'local'","time":"2026-01-14T22:09:58+01:00"}
dev:alterconso Stopping dev alterconsodev:alterconso Scaling up Deployment local-alterconso-webapp...purge:local Deleting deployment local...purge:local Successfully deleted deployment local{"level":"info","msg":"Using namespace 'default'","time":"2026-01-14T22:10:14+01:00"}
{"level":"info","msg":"Using kube context 'local'","time":"2026-01-14T22:10:14+01:00"}
deploy:alterconso Deploying chart  (local) with helm...deploy:alterconso Deployed helm chart (Release revision: 1)deploy:alterconso Successfully deployed alterconso with helmdev:alterconso Waiting for pod to become ready...dev:alterconso Selected pod local-alterconso-webapp-devspace-649d46f75-xjc99{"level":"info","msg":"Using namespace 'default'","time":"2026-01-14T22:14:03+01:00"}
{"level":"info","msg":"Using kube context 'local'","time":"2026-01-14T22:14:03+01:00"}
dev:alterconso Stopping dev alterconsodev:alterconso Scaling up Deployment local-alterconso-webapp...purge:local Deleting deployment local...purge:local Successfully deleted deployment local{"level":"info","msg":"Using namespace 'default'","time":"2026-01-14T22:16:25+01:00"}
{"level":"info","msg":"Using kube context 'local'","time":"2026-01-14T22:16:25+01:00"}
{"level":"info","msg":"Using namespace 'default'","time":"2026-01-14T22:18:35+01:00"}
{"level":"info","msg":"Using kube context 'local'","time":"2026-01-14T22:18:35+01:00"}
{"level":"info","msg":"Using namespace 'default'","time":"2026-01-14T22:18:51+01:00"}
{"level":"info","msg":"Using kube context 'local'","time":"2026-01-14T22:18:51+01:00"}
deploy:alterconso Deploying chart  (local) with helm...deploy:alterconso Deployed helm chart (Release revision: 1)deploy:alterconso Successfully deployed alterconso with helmdev:alterconso Waiting for pod to become ready...dev:alterconso DevSpace is waiting, because Pod local-alterconso-webapp-devspace-649d46f75-pbjjb has status: ContainerCreatingdev:alterconso DevSpace is waiting, because Pod local-alterconso-webapp-devspace-649d46f75-pbjjb has status: ContainerCreatingdev:alterconso Selected pod local-alterconso-webapp-devspace-649d46f75-pbjjb{"level":"info","msg":"Using namespace 'default'","time":"2026-01-14T22:19:29+01:00"}
{"level":"info","msg":"Using kube context 'local'","time":"2026-01-14T22:19:29+01:00"}
dev:alterconso Stopping dev alterconsodev:alterconso Scaling up Deployment local-alterconso-webapp...purge:local Deleting deployment local...purge:local Successfully deleted deployment localExecute hook 'remove-database-content' at after:purgerm: impossible de supprimer '/mnt/k3s/alterconso/alterconso': Permission non accordéerm: impossible de supprimer '/mnt/k3s/alterconso/auto.cnf': Permission non accordéerm: impossible de supprimer '/mnt/k3s/alterconso/ca-key.pem': Permission non accordéerm: impossible de supprimer '/mnt/k3s/alterconso/ca.pem': Permission non accordéerm: impossible de supprimer '/mnt/k3s/alterconso/client-cert.pem': Permission non accordéerm: impossible de supprimer '/mnt/k3s/alterconso/client-key.pem': Permission non accordéerm: impossible de supprimer '/mnt/k3s/alterconso/ib_buffer_pool': Permission non accordéerm: impossible de supprimer '/mnt/k3s/alterconso/ib_logfile0': Permission non accordéerm: impossible de supprimer '/mnt/k3s/alterconso/ib_logfile1': Permission non accordéerm: impossible de supprimer '/mnt/k3s/alterconso/ibdata1': Permission non accordéerm: impossible de supprimer '/mnt/k3s/alterconso/ibtmp1': Permission non accordéerm: impossible de supprimer '/mnt/k3s/alterconso/mysql': Permission non accordéerm: impossible de supprimer '/mnt/k3s/alterconso/mysql.sock': Permission non accordéerm: impossible de supprimer '/mnt/k3s/alterconso/performance_schema': Permission non accordéerm: impossible de supprimer '/mnt/k3s/alterconso/private_key.pem': Permission non accordéerm: impossible de supprimer '/mnt/k3s/alterconso/public_key.pem': Permission non accordéerm: impossible de supprimer '/mnt/k3s/alterconso/server-cert.pem': Permission non accordéerm: impossible de supprimer '/mnt/k3s/alterconso/server-key.pem': Permission non accordéerm: impossible de supprimer '/mnt/k3s/alterconso/sys': Permission non accordée{"level":"error","msg":"exit status 1","time":"2026-01-14T22:19:30+01:00"}
{"level":"info","msg":"Using namespace 'default'","time":"2026-01-14T22:19:41+01:00"}
{"level":"info","msg":"Using kube context 'local'","time":"2026-01-14T22:19:41+01:00"}
{"level":"info","msg":"Using namespace 'default'","time":"2026-01-14T22:19:43+01:00"}
{"level":"info","msg":"Using kube context 'local'","time":"2026-01-14T22:19:43+01:00"}
deploy:alterconso Deploying chart  (local) with helm...deploy:alterconso Deployed helm chart (Release revision: 1)deploy:alterconso Successfully deployed alterconso with helmdev:alterconso Waiting for pod to become ready...dev:alterconso Selected pod local-alterconso-webapp-devspace-649d46f75-9wkkd{"level":"info","msg":"Using namespace 'default'","time":"2026-01-14T22:19:49+01:00"}
{"level":"info","msg":"Using kube context 'local'","time":"2026-01-14T22:19:49+01:00"}
dev:alterconso Stopping dev alterconsodev:alterconso Scaling up Deployment local-alterconso-webapp...purge:local Deleting deployment local...purge:local Successfully deleted deployment localExecute hook 'remove-database-content' at after:purge{"level":"info","msg":"Using namespace 'default'","time":"2026-01-14T22:20:03+01:00"}
{"level":"info","msg":"Using kube context 'local'","time":"2026-01-14T22:20:03+01:00"}
deploy:alterconso Deploying chart  (local) with helm...deploy:alterconso Deployed helm chart (Release revision: 1)deploy:alterconso Successfully deployed alterconso with helmdev:alterconso Waiting for pod to become ready...dev:alterconso Selected pod local-alterconso-webapp-devspace-649d46f75-jthtk{"level":"info","msg":"Using namespace 'default'","time":"2026-01-14T22:53:37+01:00"}
{"level":"info","msg":"Using kube context 'local'","time":"2026-01-14T22:53:37+01:00"}
dev:alterconso Stopping dev alterconsodev:alterconso Scaling up Deployment local-alterconso-webapp...purge:local Deleting deployment local...purge:local Successfully deleted deployment localExecute hook 'remove-database-content' at after:purge{"level":"info","msg":"Using namespace 'default'","time":"2026-01-14T22:53:44+01:00"}
{"level":"info","msg":"Using kube context 'local'","time":"2026-01-14T22:53:44+01:00"}
deploy:alterconso Deploying chart  (local) with helm...deploy:alterconso Deployed helm chart (Release revision: 1)deploy:alterconso Successfully deployed alterconso with helmdev:alterconso Waiting for pod to become ready...dev:alterconso Selected pod local-alterconso-webapp-devspace-649d46f75-rpktf{"level":"info","msg":"Using namespace 'default'","time":"2026-01-14T22:58:38+01:00"}
{"level":"info","msg":"Using kube context 'local'","time":"2026-01-14T22:58:38+01:00"}
dev:alterconso Stopping dev alterconsodev:alterconso Scaling up Deployment local-alterconso-webapp...purge:local Deleting deployment local...purge:local Successfully deleted deployment localExecute hook 'remove-database-content' at after:purge{"level":"info","msg":"Using namespace 'default'","time":"2026-01-14T22:58:42+01:00"}
{"level":"info","msg":"Using kube context 'local'","time":"2026-01-14T22:58:42+01:00"}
deploy:alterconso Deploying chart  (local) with helm...deploy:alterconso Deployed helm chart (Release revision: 1)deploy:alterconso Successfully deployed alterconso with helmdev:alterconso Waiting for pod to become ready...dev:alterconso Selected pod local-alterconso-webapp-devspace-649d46f75-fxkzw{"level":"info","msg":"Using namespace 'default'","time":"2026-01-15T11:26:38+01:00"}
{"level":"info","msg":"Using kube context 'local'","time":"2026-01-15T11:26:38+01:00"}
deploy:alterconso Deploying chart  (local) with helm...create_deployments: error deploying alterconso: unable to deploy helm chart:  error executing 'helm upgrade local --values /tmp/838993120 --install --namespace default /home/gpenaud/work/alterconso/helm --kube-context local': Error: UPGRADE FAILED: parse error at (alterconso/templates/webapp/service.yaml:18): unexpected "(" in operand{"level":"error","msg":"exit status 1","time":"2026-01-15T11:26:45+01:00"}
{"level":"info","msg":"Using namespace 'default'","time":"2026-01-15T12:00:34+01:00"}
{"level":"info","msg":"Using kube context 'local'","time":"2026-01-15T12:00:34+01:00"}
deploy:alterconso Deploying chart  (local) with helm...create_deployments: error deploying alterconso: unable to deploy helm chart:  error executing 'helm upgrade local --values /tmp/1640646416 --install --namespace default /home/gpenaud/work/alterconso/helm --kube-context local': Error: UPGRADE FAILED: failed to create resource: Ingress.networking.k8s.io "local-alterconso-webapp" is invalid: [spec.rules[0].http.paths[0].path: Invalid value: "alterconso.gpenaud.localhost": must be an absolute path, spec.rules[0].http.paths[0].backend: Required value: port name or number is required]{"level":"error","msg":"exit status 1","time":"2026-01-15T12:00:42+01:00"}
{"level":"info","msg":"Using namespace 'default'","time":"2026-01-15T12:03:05+01:00"}
{"level":"info","msg":"Using kube context 'local'","time":"2026-01-15T12:03:05+01:00"}
deploy:alterconso Deploying chart  (local) with helm...create_deployments: error deploying alterconso: unable to deploy helm chart:  error executing 'helm upgrade local --values /tmp/2833990184 --install --namespace default /home/gpenaud/work/alterconso/helm --kube-context local': Error: UPGRADE FAILED: parse error at (alterconso/templates/webapp/ingress.yaml:32): unexpected ".0" in operand{"level":"error","msg":"exit status 1","time":"2026-01-15T12:03:12+01:00"}
{"level":"info","msg":"Using namespace 'default'","time":"2026-01-15T12:04:46+01:00"}
{"level":"info","msg":"Using kube context 'local'","time":"2026-01-15T12:04:46+01:00"}
deploy:alterconso Deploying chart  (local) with helm...create_deployments: error deploying alterconso: unable to deploy helm chart:  error executing 'helm upgrade local --values /tmp/182807336 --install --namespace default /home/gpenaud/work/alterconso/helm --kube-context local': Error: UPGRADE FAILED: template: alterconso/templates/webapp/ingress.yaml:32:39: executing "alterconso/templates/webapp/ingress.yaml" at <.Values.webapp.service.ports>: nil pointer evaluating interface {}.webapp{"level":"error","msg":"exit status 1","time":"2026-01-15T12:04:54+01:00"}
{"level":"info","msg":"Using namespace 'default'","time":"2026-01-15T12:05:19+01:00"}
{"level":"info","msg":"Using kube context 'local'","time":"2026-01-15T12:05:19+01:00"}
deploy:alterconso Deploying chart  (local) with helm...create_deployments: error deploying alterconso: unable to deploy helm chart:  error executing 'helm upgrade local --values /tmp/4029864990 --install --namespace default /home/gpenaud/work/alterconso/helm --kube-context local': Error: UPGRADE FAILED: failed to create resource: Ingress in version "v1" cannot be handled as a Ingress: json: cannot unmarshal string into Go struct field ServiceBackendPort.spec.rules.IngressRuleValue.http.paths.backend.service.port.number of type int32{"level":"error","msg":"exit status 1","time":"2026-01-15T12:05:27+01:00"}
{"level":"info","msg":"Using namespace 'default'","time":"2026-01-15T12:05:39+01:00"}
{"level":"info","msg":"Using kube context 'local'","time":"2026-01-15T12:05:39+01:00"}
deploy:alterconso Deploying chart  (local) with helm...create_deployments: error deploying alterconso: unable to deploy helm chart:  error executing 'helm upgrade local --values /tmp/777663473 --install --namespace default /home/gpenaud/work/alterconso/helm --kube-context local': Error: UPGRADE FAILED: failed to create resource: Ingress.networking.k8s.io "local-alterconso-webapp" is invalid: spec.rules[0].http.paths[0].path: Invalid value: "alterconso.gpenaud.localhost": must be an absolute path{"level":"error","msg":"exit status 1","time":"2026-01-15T12:05:47+01:00"}
{"level":"info","msg":"Using namespace 'default'","time":"2026-01-15T12:35:29+01:00"}
{"level":"info","msg":"Using kube context 'local'","time":"2026-01-15T12:35:29+01:00"}
deploy:alterconso Deploying chart  (local) with helm...create_deployments: error deploying alterconso: unable to deploy helm chart:  error executing 'helm upgrade local --values /tmp/2251155892 --install --namespace default /home/gpenaud/work/alterconso/helm --kube-context local': Error: UPGRADE FAILED: failed to create resource: Ingress.networking.k8s.io "local-alterconso-webapp" is invalid: spec.rules[0].http.paths[0].path: Invalid value: "alterconso.gpenaud.localhost": must be an absolute path{"level":"error","msg":"exit status 1","time":"2026-01-15T12:35:37+01:00"}
{"level":"info","msg":"Using namespace 'default'","time":"2026-01-15T13:09:27+01:00"}
{"level":"info","msg":"Using kube context 'local'","time":"2026-01-15T13:09:27+01:00"}
deploy:alterconso Deploying chart  (local) with helm...create_deployments: error deploying alterconso: unable to deploy helm chart:  error executing 'helm upgrade local --values /tmp/2724949757 --install --namespace default /home/gpenaud/work/alterconso/helm --kube-context local': Error: UPGRADE FAILED: cannot patch "local-alterconso-database" with kind PersistentVolume: PersistentVolume "local-alterconso-database" is invalid: [spec: Required value: must specify a volume type, spec.persistentvolumesource: Forbidden: spec.persistentvolumesource is immutable after creation@@ -18,10 +18,7 @@"PhotonPersistentDisk": null,"PortworxVolume": null,"ScaleIO": null,- "Local": {-  "Path": "/mnt/k3s/alterconso",-  "FSType": null- },+ "Local": null,"StorageOS": null,"CSI": null}, nodeAffinity: Invalid value: null: field is immutable, except for updating from beta label to GA] && cannot patch "local-alterconso-webapp" with kind Deployment: Deployment.apps "local-alterconso-webapp" is invalid: spec.selector: Invalid value: {"matchLabels":{"app.kubernetes.io/instance":"local","app.kubernetes.io/name":"alterconso-webapp"}}: field is immutable && cannot patch "local-alterconso-database" with kind StatefulSet: StatefulSet.apps "local-alterconso-database" is invalid: [spec.template.metadata.labels: Invalid value: {"app":"local-alterconso-database"}: `selector` does not match template `labels`, spec: Forbidden: updates to statefulset spec for fields other than 'replicas', 'ordinals', 'template', 'updateStrategy', 'revisionHistoryLimit', 'persistentVolumeClaimRetentionPolicy' and 'minReadySeconds' are forbidden]{"level":"error","msg":"exit status 1","time":"2026-01-15T13:09:35+01:00"}
{"level":"info","msg":"Using namespace 'default'","time":"2026-01-15T13:09:48+01:00"}
{"level":"info","msg":"Using kube context 'local'","time":"2026-01-15T13:09:48+01:00"}
dev:alterconso Stopping dev alterconsodev:alterconso Scaling up Deployment local-alterconso-webapp...purge:local Deleting deployment local...purge:local Successfully deleted deployment localExecute hook 'remove-database-content' at after:purge{"level":"info","msg":"Using namespace 'default'","time":"2026-01-15T13:09:53+01:00"}
{"level":"info","msg":"Using kube context 'local'","time":"2026-01-15T13:09:53+01:00"}
deploy:alterconso Deploying chart  (local) with helm...create_deployments: error deploying alterconso: unable to deploy helm chart: Release "local" does not exist. Installing it now.error executing 'helm upgrade local --values /tmp/1999274950 --install --namespace default /home/gpenaud/work/alterconso/helm --kube-context local': Error: 2 errors occurred:* PersistentVolume "local-alterconso-database" is invalid: spec: Required value: must specify a volume type* StatefulSet.apps "local-alterconso-database" is invalid: spec.template.metadata.labels: Invalid value: {"app":"local-alterconso-database"}: `selector` does not match template `labels`{"level":"error","msg":"exit status 1","time":"2026-01-15T13:10:01+01:00"}
{"level":"info","msg":"Using namespace 'default'","time":"2026-01-15T13:15:14+01:00"}
{"level":"info","msg":"Using kube context 'local'","time":"2026-01-15T13:15:14+01:00"}
deploy:alterconso Deploying chart  (local) with helm...create_deployments: error deploying alterconso: unable to deploy helm chart:  error executing 'helm upgrade local --values /tmp/2244088442 --install --namespace default /home/gpenaud/work/alterconso/helm --kube-context local': Error: UPGRADE FAILED: failed to create resource: StatefulSet.apps "local-alterconso-database" is invalid: spec.template.metadata.labels: Invalid value: {"app":"local-alterconso-database"}: `selector` does not match template `labels`{"level":"error","msg":"exit status 1","time":"2026-01-15T13:15:22+01:00"}
{"level":"info","msg":"Using namespace 'default'","time":"2026-01-15T13:16:18+01:00"}
{"level":"info","msg":"Using kube context 'local'","time":"2026-01-15T13:16:18+01:00"}
deploy:alterconso Deploying chart  (local) with helm...create_deployments: error deploying alterconso: unable to deploy helm chart:  error executing 'helm upgrade local --values /tmp/266650029 --install --namespace default /home/gpenaud/work/alterconso/helm --kube-context local': I0115 13:16:25.721635 1574049 warnings.go:110] "Warning: unknown field \"spec.template.metadata.app.kubernetes.io/instance\""I0115 13:16:25.721676 1574049 warnings.go:110] "Warning: unknown field \"spec.template.metadata.app.kubernetes.io/managed-by\""I0115 13:16:25.721684 1574049 warnings.go:110] "Warning: unknown field \"spec.template.metadata.app.kubernetes.io/name\""I0115 13:16:25.721687 1574049 warnings.go:110] "Warning: unknown field \"spec.template.metadata.app.kubernetes.io/part-of\""I0115 13:16:25.721690 1574049 warnings.go:110] "Warning: unknown field \"spec.template.metadata.helm.sh/chart\""Error: UPGRADE FAILED: failed to create resource: StatefulSet.apps "local-alterconso-database" is invalid: spec.template.metadata.labels: Invalid value: null: `selector` does not match template `labels`{"level":"error","msg":"exit status 1","time":"2026-01-15T13:16:25+01:00"}
{"level":"info","msg":"Using namespace 'default'","time":"2026-01-15T13:17:47+01:00"}
{"level":"info","msg":"Using kube context 'local'","time":"2026-01-15T13:17:47+01:00"}
deploy:alterconso Deploying chart  (local) with helm...create_deployments: error deploying alterconso: unable to deploy helm chart:  error executing 'helm upgrade local --values /tmp/2015980475 --install --namespace default /home/gpenaud/work/alterconso/helm --kube-context local': I0115 13:17:55.836067 1576714 warnings.go:110] "Warning: unknown field \"spec.template.metadata.app.kubernetes.io/instance\""I0115 13:17:55.836083 1576714 warnings.go:110] "Warning: unknown field \"spec.template.metadata.app.kubernetes.io/managed-by\""I0115 13:17:55.836089 1576714 warnings.go:110] "Warning: unknown field \"spec.template.metadata.app.kubernetes.io/name\""I0115 13:17:55.836094 1576714 warnings.go:110] "Warning: unknown field \"spec.template.metadata.app.kubernetes.io/part-of\""I0115 13:17:55.836098 1576714 warnings.go:110] "Warning: unknown field \"spec.template.metadata.helm.sh/chart\""Error: UPGRADE FAILED: failed to create resource: StatefulSet.apps "local-alterconso-database" is invalid: spec.template.metadata.labels: Invalid value: null: `selector` does not match template `labels`{"level":"error","msg":"exit status 1","time":"2026-01-15T13:17:55+01:00"}
{"level":"info","msg":"Using namespace 'default'","time":"2026-01-15T13:21:18+01:00"}
{"level":"info","msg":"Using kube context 'local'","time":"2026-01-15T13:21:18+01:00"}
deploy:alterconso Deploying chart  (local) with helm...deploy:alterconso Deployed helm chart (Release revision: 5)deploy:alterconso Successfully deployed alterconso with helmstart_dev: replace pod: couldn't find a matching deployment, statefulset or replica set{"level":"error","msg":"exit status 1","time":"2026-01-15T13:21:26+01:00"}
{"level":"info","msg":"Using namespace 'default'","time":"2026-01-15T13:21:45+01:00"}
{"level":"info","msg":"Using kube context 'local'","time":"2026-01-15T13:21:45+01:00"}
purge:local Deleting deployment local...purge:local Successfully deleted deployment local{"level":"info","msg":"Using namespace 'default'","time":"2026-01-15T13:21:47+01:00"}
{"level":"info","msg":"Using kube context 'local'","time":"2026-01-15T13:21:47+01:00"}
deploy:alterconso Deploying chart  (local) with helm...deploy:alterconso Deployed helm chart (Release revision: 1)deploy:alterconso Successfully deployed alterconso with helmstart_dev: replace pod: couldn't find a matching deployment, statefulset or replica set{"level":"error","msg":"exit status 1","time":"2026-01-15T13:21:55+01:00"}
{"level":"info","msg":"Using namespace 'default'","time":"2026-01-15T13:24:12+01:00"}
{"level":"info","msg":"Using kube context 'local'","time":"2026-01-15T13:24:12+01:00"}
deploy:alterconso Deploying chart  (local) with helm...create_deployments: error deploying alterconso: unable to deploy helm chart:  error executing 'helm upgrade local --values /tmp/377911722 --install --namespace default /home/gpenaud/work/alterconso/helm --kube-context local': Error: UPGRADE FAILED: cannot patch "local-alterconso-webapp" with kind Deployment: Deployment.apps "local-alterconso-webapp" is invalid: spec.selector: Invalid value: {"matchLabels":{"app.kubernetes.io/component":"alterconso-webapp","app.kubernetes.io/instance":"local","app.kubernetes.io/name":"alterconso"}}: field is immutable && cannot patch "local-alterconso-database" with kind StatefulSet: StatefulSet.apps "local-alterconso-database" is invalid: spec: Forbidden: updates to statefulset spec for fields other than 'replicas', 'ordinals', 'template', 'updateStrategy', 'revisionHistoryLimit', 'persistentVolumeClaimRetentionPolicy' and 'minReadySeconds' are forbidden{"level":"error","msg":"exit status 1","time":"2026-01-15T13:24:20+01:00"}
{"level":"info","msg":"Using namespace 'default'","time":"2026-01-15T13:24:31+01:00"}
{"level":"info","msg":"Using kube context 'local'","time":"2026-01-15T13:24:31+01:00"}
purge:local Deleting deployment local...purge:local Successfully deleted deployment local{"level":"info","msg":"Using namespace 'default'","time":"2026-01-15T13:24:33+01:00"}
{"level":"info","msg":"Using kube context 'local'","time":"2026-01-15T13:24:33+01:00"}
deploy:alterconso Deploying chart  (local) with helm...deploy:alterconso Deployed helm chart (Release revision: 1)deploy:alterconso Successfully deployed alterconso with helmstart_dev: replace pod: replace entrypoint: couldn't find container 'webapp' in pod{"level":"error","msg":"exit status 1","time":"2026-01-15T13:24:41+01:00"}
{"level":"info","msg":"Using namespace 'default'","time":"2026-01-15T13:25:35+01:00"}
{"level":"info","msg":"Using kube context 'local'","time":"2026-01-15T13:25:35+01:00"}
deploy:alterconso Deploying chart  (local) with helm...deploy:alterconso Deployed helm chart (Release revision: 2)deploy:alterconso Successfully deployed alterconso with helmdev:alterconso Waiting for pod to become ready...dev:alterconso Pod local-alterconso-webapp-devspace-5585dcd5cc-rh22r: MountVolume.SetUp failed for volume "local-alterconso-webapp" : configmap "local-alterconso-webapp" not found (FailedMount)dev:alterconso DevSpace is waiting, because Pod local-alterconso-webapp-devspace-5585dcd5cc-rh22r has status: ContainerCreatingdev:alterconso DevSpace is waiting, because Pod local-alterconso-webapp-devspace-5585dcd5cc-rh22r has status: ContainerCreatingdev:alterconso DevSpace is waiting, because Pod local-alterconso-webapp-devspace-5585dcd5cc-rh22r has status: ContainerCreating{"level":"info","msg":"Using namespace 'default'","time":"2026-01-15T13:26:20+01:00"}
{"level":"info","msg":"Using kube context 'local'","time":"2026-01-15T13:26:20+01:00"}
dev:alterconso Stopping dev alterconsodev:alterconso Scaling up Deployment local-alterconso-webapp...purge:local Deleting deployment local...purge:local Successfully deleted deployment local{"level":"info","msg":"Using namespace 'default'","time":"2026-01-15T13:27:16+01:00"}
{"level":"info","msg":"Using kube context 'local'","time":"2026-01-15T13:27:16+01:00"}
deploy:alterconso Deploying chart  (local) with helm...create_deployments: error deploying alterconso: unable to deploy helm chart: Release "local" does not exist. Installing it now.error executing 'helm upgrade local --values /tmp/2113027860 --install --namespace default /home/gpenaud/work/alterconso/helm --kube-context local': Error: 1 error occurred:* Deployment in version "v1" cannot be handled as a Deployment: json: cannot unmarshal string into Go struct field PodSpec.spec.template.spec.imagePullSecrets of type v1.LocalObjectReference{"level":"error","msg":"exit status 1","time":"2026-01-15T13:27:24+01:00"}
{"level":"info","msg":"Using namespace 'default'","time":"2026-01-15T13:29:10+01:00"}
{"level":"info","msg":"Using kube context 'local'","time":"2026-01-15T13:29:10+01:00"}
deploy:alterconso Deploying chart  (local) with helm...deploy:alterconso Deployed helm chart (Release revision: 2)deploy:alterconso Successfully deployed alterconso with helmdev:alterconso Waiting for pod to become ready...dev:alterconso Pod local-alterconso-webapp-devspace-5585dcd5cc-trx94: MountVolume.SetUp failed for volume "local-alterconso-webapp" : configmap "local-alterconso-webapp" not found (FailedMount)dev:alterconso DevSpace is waiting, because Pod local-alterconso-webapp-devspace-5585dcd5cc-trx94 has status: ContainerCreatingdev:alterconso DevSpace is waiting, because Pod local-alterconso-webapp-devspace-5585dcd5cc-trx94 has status: ContainerCreatingdev:alterconso DevSpace is waiting, because Pod local-alterconso-webapp-devspace-5585dcd5cc-trx94 has status: ContainerCreatingdev:alterconso DevSpace is waiting, because Pod local-alterconso-webapp-devspace-5585dcd5cc-trx94 has status: ContainerCreatingdev:alterconso DevSpace is waiting, because Pod local-alterconso-webapp-devspace-5585dcd5cc-trx94 has status: ContainerCreating{"level":"info","msg":"Using namespace 'default'","time":"2026-01-15T13:30:15+01:00"}
{"level":"info","msg":"Using kube context 'local'","time":"2026-01-15T13:30:15+01:00"}
dev:alterconso Stopping dev alterconsodev:alterconso Scaling up Deployment local-alterconso-webapp...purge:local Deleting deployment local...purge:local Successfully deleted deployment local{"level":"info","msg":"Using namespace 'default'","time":"2026-01-15T13:30:19+01:00"}
{"level":"info","msg":"Using kube context 'local'","time":"2026-01-15T13:30:19+01:00"}
deploy:alterconso Deploying chart  (local) with helm...deploy:alterconso Deployed helm chart (Release revision: 1)deploy:alterconso Successfully deployed alterconso with helmdev:alterconso Waiting for pod to become ready...dev:alterconso DevSpace is waiting, because Pod local-alterconso-webapp-devspace-5585dcd5cc-znk25 has status: ContainerCreatingdev:alterconso DevSpace is waiting, because Pod local-alterconso-webapp-devspace-5585dcd5cc-znk25 has status: ContainerCreatingdev:alterconso Selected pod local-alterconso-webapp-devspace-5585dcd5cc-znk25{"level":"info","msg":"Using namespace 'default'","time":"2026-01-15T13:32:20+01:00"}
{"level":"info","msg":"Using kube context 'local'","time":"2026-01-15T13:32:20+01:00"}
dev:alterconso Stopping dev alterconsodev:alterconso Scaling up Deployment local-alterconso-webapp...purge:local Deleting deployment local...purge:local Successfully deleted deployment local{"level":"info","msg":"Using namespace 'default'","time":"2026-01-15T13:32:23+01:00"}
{"level":"info","msg":"Using kube context 'local'","time":"2026-01-15T13:32:23+01:00"}
deploy:alterconso Deploying chart  (local) with helm...deploy:alterconso Deployed helm chart (Release revision: 1)deploy:alterconso Successfully deployed alterconso with helmdev:alterconso Waiting for pod to become ready...start_dev: select pod: selected pod 'default/local-alterconso-database-0' doesn't include container 'webapp', please make sure you don't have overlapping label selectors within the namespace and the pod you select contains container 'webapp'{"level":"error","msg":"exit status 1","time":"2026-01-15T13:32:34+01:00"}
{"level":"info","msg":"Using namespace 'default'","time":"2026-01-15T13:39:06+01:00"}
{"level":"info","msg":"Using kube context 'local'","time":"2026-01-15T13:39:06+01:00"}
dev:alterconso Stopping dev alterconsodev:alterconso Scaling up Deployment local-alterconso-webapp...purge:local Deleting deployment local...purge:local Successfully deleted deployment local{"level":"info","msg":"Using namespace 'default'","time":"2026-01-15T13:39:08+01:00"}
{"level":"info","msg":"Using kube context 'local'","time":"2026-01-15T13:39:08+01:00"}
deploy:alterconso Deploying chart  (local) with helm...create_deployments: error deploying alterconso: unable to deploy helm chart: Release "local" does not exist. Installing it now.error executing 'helm upgrade local --values /tmp/2203487383 --install --namespace default /home/gpenaud/work/alterconso/helm --kube-context local': Error: template: alterconso/templates/webapp/ingress.yaml:30:25: executing "alterconso/templates/webapp/ingress.yaml" at <include "webapp.serviceName" .>: error calling include: template: alterconso/templates/webapp/_helpers.tpl:45:4: executing "webapp.serviceName" at <include "webapp.fullname" .>: error calling include: template: alterconso/templates/webapp/_helpers.tpl:13:4: executing "webapp.fullname" at <include "alterconso.fullname" .>: error calling include: template: alterconso/templates/_helpers.tpl:18:14: executing "alterconso.fullname" at <.Values.fullnameOverride>: nil pointer evaluating interface {}.fullnameOverride{"level":"error","msg":"exit status 1","time":"2026-01-15T13:39:15+01:00"}
{"level":"info","msg":"Using namespace 'default'","time":"2026-01-15T13:41:04+01:00"}
{"level":"info","msg":"Using kube context 'local'","time":"2026-01-15T13:41:04+01:00"}
deploy:alterconso Deploying chart  (local) with helm...create_deployments: error deploying alterconso: unable to deploy helm chart: Release "local" does not exist. Installing it now.error executing 'helm upgrade local --values /tmp/4046302408 --install --namespace default /home/gpenaud/work/alterconso/helm --kube-context local': Error: template: alterconso/templates/webapp/ingress.yaml:30:25: executing "alterconso/templates/webapp/ingress.yaml" at <include "webapp.serviceName" .>: error calling include: template: alterconso/templates/webapp/_helpers.tpl:45:4: executing "webapp.serviceName" at <include "alterconso.fullname" .>: error calling include: template: alterconso/templates/_helpers.tpl:18:14: executing "alterconso.fullname" at <.Values.fullnameOverride>: nil pointer evaluating interface {}.fullnameOverride{"level":"error","msg":"exit status 1","time":"2026-01-15T13:41:11+01:00"}
{"level":"info","msg":"Using namespace 'default'","time":"2026-01-15T13:42:00+01:00"}
{"level":"info","msg":"Using kube context 'local'","time":"2026-01-15T13:42:00+01:00"}
deploy:alterconso Deploying chart  (local) with helm...deploy:alterconso Deployed helm chart (Release revision: 1)deploy:alterconso Successfully deployed alterconso with helmdev:alterconso Waiting for pod to become ready...dev:alterconso PersistentVolumeClaim local-alterconso-database: storageclass.storage.k8s.io "local-storage" not found (ProvisioningFailed)dev:alterconso DevSpace is waiting, because Pod local-alterconso-database-0 has status: ContainerCreatingdev:alterconso DevSpace is waiting, because Pod local-alterconso-database-0 has status: ContainerCreatingdev:alterconso DevSpace is waiting, because Pod local-alterconso-database-0 has status: ContainerCreatingstart_dev: select pod: selected pod 'default/local-alterconso-database-0' doesn't include container 'webapp', please make sure you don't have overlapping label selectors within the namespace and the pod you select contains container 'webapp'{"level":"error","msg":"exit status 1","time":"2026-01-15T13:42:42+01:00"}
{"level":"info","msg":"Using namespace 'default'","time":"2026-01-15T14:29:19+01:00"}
{"level":"info","msg":"Using kube context 'local'","time":"2026-01-15T14:29:19+01:00"}
deploy:alterconso Skipping deployment alterconsostart_dev: replace pod: couldn't find a matching deployment, statefulset or replica set{"level":"error","msg":"exit status 1","time":"2026-01-15T14:29:19+01:00"}
{"level":"info","msg":"Using namespace 'default'","time":"2026-01-15T14:29:22+01:00"}
{"level":"info","msg":"Using kube context 'local'","time":"2026-01-15T14:29:22+01:00"}
deploy:alterconso Skipping deployment alterconsostart_dev: replace pod: couldn't find a matching deployment, statefulset or replica set{"level":"error","msg":"exit status 1","time":"2026-01-15T14:29:22+01:00"}
{"level":"info","msg":"Using namespace 'default'","time":"2026-01-15T14:29:24+01:00"}
{"level":"info","msg":"Using kube context 'local'","time":"2026-01-15T14:29:24+01:00"}
dev:alterconso Stopping dev alterconsodev:alterconso Scaling up Deployment local-alterconso-webapp...purge:local Deleting deployment local...purge:local Successfully deleted deployment local{"level":"info","msg":"Using namespace 'default'","time":"2026-01-15T14:29:29+01:00"}
{"level":"info","msg":"Using kube context 'local'","time":"2026-01-15T14:29:29+01:00"}
deploy:alterconso Deploying chart  (local) with helm...deploy:alterconso Deployed helm chart (Release revision: 1)deploy:alterconso Successfully deployed alterconso with helmstart_dev: replace pod: couldn't find a matching deployment, statefulset or replica set{"level":"error","msg":"exit status 1","time":"2026-01-15T14:29:37+01:00"}
{"level":"info","msg":"Using namespace 'default'","time":"2026-01-15T14:30:23+01:00"}
{"level":"info","msg":"Using kube context 'local'","time":"2026-01-15T14:30:23+01:00"}
deploy:alterconso Skipping deployment alterconsodev:webapp Waiting for pod to become ready...dev:webapp Selected pod local-alterconso-webapp-devspace-5585dcd5cc-zxtv4{"level":"info","msg":"Using namespace 'default'","time":"2026-01-15T14:36:32+01:00"}
{"level":"info","msg":"Using kube context 'local'","time":"2026-01-15T14:36:32+01:00"}
dev:webapp Stopping dev webappdev:webapp Scaling up Deployment local-alterconso-webapp...purge:local Deleting deployment local...purge:local Successfully deleted deployment local{"level":"info","msg":"Using namespace 'default'","time":"2026-01-15T14:36:34+01:00"}
{"level":"info","msg":"Using kube context 'local'","time":"2026-01-15T14:36:34+01:00"}
deploy:alterconso Deploying chart  (local) with helm...deploy:alterconso Deployed helm chart (Release revision: 1)deploy:alterconso Successfully deployed alterconso with helmdev:webapp Waiting for pod to become ready...dev:webapp Selected pod local-alterconso-webapp-devspace-5585dcd5cc-2jzxn{"level":"info","msg":"Using namespace 'default'","time":"2026-01-15T14:47:30+01:00"}
{"level":"info","msg":"Using kube context 'local'","time":"2026-01-15T14:47:30+01:00"}
dev:webapp Stopping dev webappdev:webapp Scaling up Deployment local-alterconso-webapp...purge:local Deleting deployment local...purge:local Successfully deleted deployment local{"level":"info","msg":"Using namespace 'default'","time":"2026-01-15T14:47:33+01:00"}
{"level":"info","msg":"Using kube context 'local'","time":"2026-01-15T14:47:33+01:00"}
deploy:alterconso Deploying chart  (local) with helm...deploy:alterconso Deployed helm chart (Release revision: 1)deploy:alterconso Successfully deployed alterconso with helmdev:webapp Waiting for pod to become ready...dev:webapp Selected pod local-alterconso-webapp-devspace-5585dcd5cc-74t4q{"level":"info","msg":"Using namespace 'default'","time":"2026-01-15T14:50:12+01:00"}
{"level":"info","msg":"Using kube context 'local'","time":"2026-01-15T14:50:12+01:00"}
deploy:alterconso Skipping deployment alterconsodev:webapp Waiting for pod to become ready...dev:webapp Selected pod local-alterconso-webapp-devspace-5585dcd5cc-74t4q{"level":"info","msg":"Using namespace 'default'","time":"2026-01-15T14:50:16+01:00"}
{"level":"info","msg":"Using kube context 'local'","time":"2026-01-15T14:50:16+01:00"}
dev:webapp Stopping dev webappdev:webapp Scaling up Deployment local-alterconso-webapp...purge:local Deleting deployment local...purge:local Successfully deleted deployment localExecute hook 'remove-database-content' at after:purge{"level":"info","msg":"Using namespace 'default'","time":"2026-01-15T14:50:22+01:00"}
{"level":"info","msg":"Using kube context 'local'","time":"2026-01-15T14:50:22+01:00"}
deploy:alterconso Deploying chart  (local) with helm...deploy:alterconso Deployed helm chart (Release revision: 1)deploy:alterconso Successfully deployed alterconso with helmdev:webapp Waiting for pod to become ready...dev:webapp Selected pod local-alterconso-webapp-devspace-5585dcd5cc-48z6k{"level":"info","msg":"Using namespace 'default'","time":"2026-01-15T14:55:29+01:00"}
{"level":"info","msg":"Using kube context 'local'","time":"2026-01-15T14:55:29+01:00"}
dev:webapp Stopping dev webappdev:webapp Scaling up Deployment local-alterconso-webapp...purge:local Deleting deployment local...purge:local Successfully deleted deployment localExecute hook 'remove-database-content' at after:purge{"level":"info","msg":"Using namespace 'default'","time":"2026-01-15T14:55:32+01:00"}
{"level":"info","msg":"Using kube context 'local'","time":"2026-01-15T14:55:32+01:00"}
deploy:alterconso Deploying chart  (local) with helm...deploy:alterconso Deployed helm chart (Release revision: 1)deploy:alterconso Successfully deployed alterconso with helmdev:webapp Waiting for pod to become ready...dev:webapp Selected pod local-alterconso-webapp-devspace-5585dcd5cc-q45rt{"level":"info","msg":"Using namespace 'default'","time":"2026-01-15T14:56:08+01:00"}
{"level":"info","msg":"Using kube context 'local'","time":"2026-01-15T14:56:08+01:00"}
dev:webapp Stopping dev webappdev:webapp Scaling up Deployment local-alterconso-webapp...purge:local Deleting deployment local...purge:local Successfully deleted deployment localExecute hook 'remove-database-content' at after:purge{"level":"info","msg":"Using namespace 'default'","time":"2026-01-15T14:56:19+01:00"}
{"level":"info","msg":"Using kube context 'local'","time":"2026-01-15T14:56:19+01:00"}
deploy:alterconso Deploying chart  (local) with helm...deploy:alterconso Deployed helm chart (Release revision: 1)deploy:alterconso Successfully deployed alterconso with helmdev:webapp Waiting for pod to become ready...dev:webapp Selected pod local-alterconso-webapp-devspace-5585dcd5cc-52txx{"level":"info","msg":"Using namespace 'default'","time":"2026-01-15T14:58:19+01:00"}
{"level":"info","msg":"Using kube context 'local'","time":"2026-01-15T14:58:19+01:00"}
dev:webapp Stopping dev webappdev:webapp Scaling up Deployment local-alterconso-webapp...purge:local Deleting deployment local...purge:local Successfully deleted deployment localExecute hook 'remove-database-content' at after:purge{"level":"info","msg":"Using namespace 'default'","time":"2026-01-15T14:58:22+01:00"}
{"level":"info","msg":"Using kube context 'local'","time":"2026-01-15T14:58:22+01:00"}
deploy:alterconso Deploying chart  (local) with helm...deploy:alterconso Deployed helm chart (Release revision: 1)deploy:alterconso Successfully deployed alterconso with helmdev:webapp Waiting for pod to become ready...dev:webapp Selected pod local-alterconso-webapp-devspace-5585dcd5cc-tdtp9{"level":"info","msg":"Using namespace 'default'","time":"2026-01-15T14:59:53+01:00"}
{"level":"info","msg":"Using kube context 'local'","time":"2026-01-15T14:59:53+01:00"}
dev:webapp Stopping dev webappdev:webapp Scaling up Deployment local-alterconso-webapp...purge:local Deleting deployment local...purge:local Successfully deleted deployment localExecute hook 'remove-database-content' at after:purge{"level":"info","msg":"Using namespace 'default'","time":"2026-01-15T15:00:00+01:00"}
{"level":"info","msg":"Using kube context 'local'","time":"2026-01-15T15:00:00+01:00"}
{"level":"info","msg":"Using namespace 'default'","time":"2026-01-15T15:00:49+01:00"}
{"level":"info","msg":"Using kube context 'local'","time":"2026-01-15T15:00:49+01:00"}
deploy:alterconso Deploying chart  (local) with helm...deploy:alterconso Deployed helm chart (Release revision: 1)deploy:alterconso Successfully deployed alterconso with helmdev:webapp Waiting for pod to become ready...dev:webapp Selected pod local-alterconso-webapp-devspace-5585dcd5cc-lvdfs